2026-07-20 11:40:11 : Checking process : bash
2026-07-20 11:40:18 : Process running.
2026-07-20 11:40:18 : Process check completed.
2026-07-20 11:40:45 : Checking process : git
2026-07-20 11:40:46 : Process running.
2026-07-20 11:40:46 : Process check completed.
2026-07-20 11:41:01 : Checking process : xyz123
2026-07-20 11:41:01 : Process running.
2026-07-20 11:41:02 : Process check completed.
2026-07-20 11:59:19 : Checking process : xyz123
2026-07-20 11:59:20 : Process not running.
2026-07-20 11:59:21 : Process check completed.
2026-07-20 11:59:29 : Checking process : git
2026-07-20 11:59:30 : Process running.
2026-07-20 11:59:31 : Process check completed.
2026-07-20 11:59:49 : Checking process : bash
2026-07-20 11:59:50 : Process running.
2026-07-20 11:59:50 : Process check completed.
2026-07-20 12:26:06 : Checking process : git
2026-07-20 12:26:07 : Process running.
2026-07-20 12:26:07 : Process check completed.
2026-07-20 12:26:17 : Checking process : xyz
2026-07-20 12:26:17 : Process not running.
2026-07-20 12:26:18 : Process check completed.
